#ap 111
error: ya existe prioridad
#ap 1111
error: ya existe prioridad
#ape 1111 10
#ape 11 10
#ape 11111 30
error: no existe prioridad
#ape 1 20
#iae
1
20 50 5
0 0
11
10 100 10
0 0
111
0 0
1111
10 100 10
0 0
#at 10
#bp 111
#bp 1111
error: prioridad con procesos
#bp 11111
error: no existe prioridad
#iae
1
20 50 5
0 0
11
10 100 10
0 0
1111
10 100 10
0 0
#app proc1 40
#app proc1 50
#mc proc10
error: procesador con auxiliares
#mc proc1
error: procesador con procesos
#mc proc100
#mc proc222
#iec
(proc111(proc110(proc101  )(proc10(proc333(proc222  ) )(proc220  )))(proc11 (proc10 (proc1  ))))
